<?xml version="1.0" encoding="UTF-8"?>
<!-- Generated by org.testng.reporters.JUnitReportReporter -->
<testsuite hostname="POOJA" failures="0" tests="1" name="test.automationGmailTest.testClass.TestGmailClass" time="71.968" errors="0" timestamp="2024-07-01T16:27:56 IST" skipped="0">
  <testcase classname="test.automationGmailTest.testClass.TestGmailClass" name="automateGmail" time="71.968"/>
  <system-out/>
</testsuite> <!-- test.automationGmailTest.testClass.TestGmailClass -->
